0 info it worked if it ends with ok
1 verbose cli [ '/home/krypsey/.nvm/versions/node/v6.9.1/bin/node',
1 verbose cli   '/home/krypsey/.nvm/versions/node/v6.9.1/bin/npm',
1 verbose cli   'run',
1 verbose cli   'api-test' ]
2 info using npm@3.10.8
3 info using node@v6.9.1
4 verbose run-script [ 'preapi-test', 'api-test', 'postapi-test' ]
5 info lifecycle echoecho@1.0.0~preapi-test: echoecho@1.0.0
6 silly lifecycle echoecho@1.0.0~preapi-test: no script for preapi-test, continuing
7 info lifecycle echoecho@1.0.0~api-test: echoecho@1.0.0
8 verbose lifecycle echoecho@1.0.0~api-test: unsafe-perm in lifecycle true
9 verbose lifecycle echoecho@1.0.0~api-test: PATH: /home/krypsey/.nvm/versions/node/v6.9.1/lib/node_modules/npm/bin/node-gyp-bin:/home/krypsey/Documents/lab/echoecho/node_modules/.bin:/home/krypsey/bin:/home/krypsey/.local/bin:/home/krypsey/.nvm/versions/node/v6.9.1/bin:/home/krypsey/bin:/home/krypsey/.local/bin:/usr/local/sbin:/usr/local/bin:/usr/sbin:/usr/bin:/sbin:/bin:/usr/games:/usr/local/games:/snap/bin
10 verbose lifecycle echoecho@1.0.0~api-test: CWD: /home/krypsey/Documents/lab/echoecho
11 silly lifecycle echoecho@1.0.0~api-test: Args: [ '-c',
11 silly lifecycle   'export NODE_CONFIG_DIR=api/config && api/node_modules/.bin/mocha api/test/' ]
12 silly lifecycle echoecho@1.0.0~api-test: Returned: code: 1  signal: null
13 info lifecycle echoecho@1.0.0~api-test: Failed to exec api-test script
14 verbose stack Error: echoecho@1.0.0 api-test: `export NODE_CONFIG_DIR=api/config && api/node_modules/.bin/mocha api/test/`
14 verbose stack Exit status 1
14 verbose stack     at EventEmitter.<anonymous> (/home/krypsey/.nvm/versions/node/v6.9.1/lib/node_modules/npm/lib/utils/lifecycle.js:255:16)
14 verbose stack     at emitTwo (events.js:106:13)
14 verbose stack     at EventEmitter.emit (events.js:191:7)
14 verbose stack     at ChildProcess.<anonymous> (/home/krypsey/.nvm/versions/node/v6.9.1/lib/node_modules/npm/lib/utils/spawn.js:40:14)
14 verbose stack     at emitTwo (events.js:106:13)
14 verbose stack     at ChildProcess.emit (events.js:191:7)
14 verbose stack     at maybeClose (internal/child_process.js:877:16)
14 verbose stack     at Process.ChildProcess._handle.onexit (internal/child_process.js:226:5)
15 verbose pkgid echoecho@1.0.0
16 verbose cwd /home/krypsey/Documents/lab/echoecho
17 error Linux 4.4.0-45-generic
18 error argv "/home/krypsey/.nvm/versions/node/v6.9.1/bin/node" "/home/krypsey/.nvm/versions/node/v6.9.1/bin/npm" "run" "api-test"
19 error node v6.9.1
20 error npm  v3.10.8
21 error code ELIFECYCLE
22 error echoecho@1.0.0 api-test: `export NODE_CONFIG_DIR=api/config && api/node_modules/.bin/mocha api/test/`
22 error Exit status 1
23 error Failed at the echoecho@1.0.0 api-test script 'export NODE_CONFIG_DIR=api/config && api/node_modules/.bin/mocha api/test/'.
23 error Make sure you have the latest version of node.js and npm installed.
23 error If you do, this is most likely a problem with the echoecho package,
23 error not with npm itself.
23 error Tell the author that this fails on your system:
23 error     export NODE_CONFIG_DIR=api/config && api/node_modules/.bin/mocha api/test/
23 error You can get information on how to open an issue for this project with:
23 error     npm bugs echoecho
23 error Or if that isn't available, you can get their info via:
23 error     npm owner ls echoecho
23 error There is likely additional logging output above.
24 verbose exit [ 1, true ]
